Build started 1/31/2023 4:09:02 PM.
     1>Project "C:\Users\rommel.vallejo\Desktop\ArkRayProject\06_Reference_Codes\BA_simulator\simulator\simulator.vcxproj" on node 2 (Build target(s)).
     1>C:\Program Files (x86)\MSBuild\Microsoft.Cpp\v4.0\V110\Microsoft.Cpp.Platform.targets(44,5): error MSB4018: The "VCMessage" task failed unexpectedly.
C:\Program Files (x86)\MSBuild\Microsoft.Cpp\v4.0\V110\Microsoft.Cpp.Platform.targets(44,5): error MSB4018: System.FormatException: Index (zero based) must be greater than or equal to zero and less than the size of the argument list.
C:\Program Files (x86)\MSBuild\Microsoft.Cpp\v4.0\V110\Microsoft.Cpp.Platform.targets(44,5): error MSB4018:    at System.Text.StringBuilder.AppendFormatHelper(IFormatProvider provider, String format, ParamsArray args)
C:\Program Files (x86)\MSBuild\Microsoft.Cpp\v4.0\V110\Microsoft.Cpp.Platform.targets(44,5): error MSB4018:    at System.String.FormatHelper(IFormatProvider provider, String format, ParamsArray args)
C:\Program Files (x86)\MSBuild\Microsoft.Cpp\v4.0\V110\Microsoft.Cpp.Platform.targets(44,5): error MSB4018:    at System.String.Format(IFormatProvider provider, String format, Object[] args)
C:\Program Files (x86)\MSBuild\Microsoft.Cpp\v4.0\V110\Microsoft.Cpp.Platform.targets(44,5): error MSB4018:    at Microsoft.Build.Shared.ResourceUtilities.FormatString(String unformatted, Object[] args)
C:\Program Files (x86)\MSBuild\Microsoft.Cpp\v4.0\V110\Microsoft.Cpp.Platform.targets(44,5): error MSB4018:    at Microsoft.Build.Utilities.TaskLoggingHelper.FormatString(String unformatted, Object[] args)
C:\Program Files (x86)\MSBuild\Microsoft.Cpp\v4.0\V110\Microsoft.Cpp.Platform.targets(44,5): error MSB4018:    at Microsoft.Build.Utilities.TaskLoggingHelper.FormatResourceString(String resourceName, Object[] args)
C:\Program Files (x86)\MSBuild\Microsoft.Cpp\v4.0\V110\Microsoft.Cpp.Platform.targets(44,5): error MSB4018:    at Microsoft.Build.Utilities.TaskLoggingHelper.LogErrorWithCodeFromResources(String messageResourceName, Object[] messageArgs)
C:\Program Files (x86)\MSBuild\Microsoft.Cpp\v4.0\V110\Microsoft.Cpp.Platform.targets(44,5): error MSB4018:    at Microsoft.Build.CPPTasks.VCMessage.Execute()
C:\Program Files (x86)\MSBuild\Microsoft.Cpp\v4.0\V110\Microsoft.Cpp.Platform.targets(44,5): error MSB4018:    at Microsoft.Build.BackEnd.TaskExecutionHost.Microsoft.Build.BackEnd.ITaskExecutionHost.Execute()
C:\Program Files (x86)\MSBuild\Microsoft.Cpp\v4.0\V110\Microsoft.Cpp.Platform.targets(44,5): error MSB4018:    at Microsoft.Build.BackEnd.TaskBuilder.<ExecuteInstantiatedTask>d__26.MoveNext()
     1>Done Building Project "C:\Users\rommel.vallejo\Desktop\ArkRayProject\06_Reference_Codes\BA_simulator\simulator\simulator.vcxproj" (Build target(s)) -- FAILED.

Build FAILED.

Time Elapsed 00:00:00.11
